2025-12-27 17:26:31 - VERIFICATION to newtest@example.com: https://auth.trinkbecherdepot.de/verify-email?code=0bf2edcca4811e14f2d64ca00efbd341
2025-12-27 17:27:53 - PASSWORD_RESET to newtest@example.com: https://auth.trinkbecherdepot.de/reset-password?token=6f574e65f6520c7e0188e4a15289c7d8edb12f4734b41873c2ee380cfaec48a3
2025-12-27 17:47:25 - 2FA_CODE to newtest@example.com: 738133
2025-12-27 18:06:15 - 2FA_CODE to newtest@example.com: 867671
2025-12-27 18:14:17 - 2FA_CODE to newtest@example.com: 721458
2025-12-27 18:14:18 - 2FA_CODE to newtest@example.com: 062914
2025-12-27 18:14:41 - 2FA_CODE to newtest@example.com: 191273
2025-12-27 18:14:55 - 2FA_CODE to newtest@example.com: 681434
2025-12-27 18:14:56 - 2FA_CODE to newtest@example.com: 451966
2025-12-27 18:18:25 - 2FA_CODE to newtest@example.com: 135605
2025-12-27 18:19:05 - 2FA_CODE to newtest@example.com: 278289
2025-12-27 18:19:42 - 2FA_CODE to newtest@example.com: 307231
2025-12-27 18:22:27 - 2FA_CODE to newtest@example.com: 323539
2025-12-27 18:23:50 - 2FA_CODE to newtest@example.com: 953522
2025-12-27 18:24:40 - 2FA_CODE to newtest@example.com: 072871
2025-12-27 18:25:38 - 2FA_CODE to newtest@example.com: 925395
2025-12-27 18:26:56 - 2FA_CODE to newtest@example.com: 304893
2025-12-27 18:26:56 - 2FA_CODE to newtest@example.com: 848756
2025-12-27 19:40:19 - 2FA_CODE to newtest@example.com: 793632
2025-12-27 19:48:48 - 2FA_CODE to newtest@example.com: 636540
2025-12-27 19:51:14 - 2FA_CODE to newtest@example.com: 958923
2025-12-27 19:52:16 - 2FA_CODE to newtest@example.com: 071639
2025-12-27 19:53:35 - 2FA_CODE to newtest@example.com: 452432
2025-12-27 19:54:00 - 2FA_CODE to newtest@example.com: 939938
2025-12-27 19:54:20 - 2FA_CODE to newtest@example.com: 558202
2025-12-27 20:15:34 - VERIFICATION to DEINE_ECHTE_EMAIL_HIER@gmail.com: https://auth.trinkbecherdepot.de/verify-email?code=178d491b2d25d6423be487ae5f751e26 [SUCCESS]
2025-12-27 20:18:52 - VERIFICATION to marcobeigfn@kibali.de: https://auth.trinkbecherdepot.de/verify-email?code=7f4c3c79cd4563d8b4352a45cf4d2785 [SUCCESS]
